2025-02-07 14:25:31	[34mINFO[0m	C:/Users/sonwg/GolandProjects/GoToDoList/internal/initialize/Logger.go:53	æ—¥å¿—ç»„ä»¶åˆå§‹åŒ–æˆåŠŸ
2025-02-07 14:25:31	[34mINFO[0m	C:/Users/sonwg/GolandProjects/GoToDoList/internal/initialize/Database.go:30	æ•°æ®åº“è¿æ¥æˆåŠŸ
2025-02-07 14:25:31	[34mINFO[0m	C:/Users/sonwg/GolandProjects/GoToDoList/internal/initialize/Database.go:62	redisè¿æ¥æˆåŠŸ
2025-02-07 14:25:31	[34mINFO[0m	C:/Users/sonwg/GolandProjects/GoToDoList/internal/initialize/Database.go:57	rediså…³é—­æˆåŠŸ
2025-02-07 23:55:14	[34mINFO[0m	C:/Users/sonwg/GolandProjects/GoToDoList/internal/initialize/Logger.go:53	æ—¥å¿—ç»„ä»¶åˆå§‹åŒ–æˆåŠŸ
2025-02-07 23:55:14	[34mINFO[0m	C:/Users/sonwg/GolandProjects/GoToDoList/internal/initialize/Database.go:31	æ•°æ®åº“è¿æ¥æˆåŠŸ
2025-02-07 23:55:15	[34mINFO[0m	C:/Users/sonwg/GolandProjects/GoToDoList/internal/initialize/Database.go:66	redisè¿æ¥æˆåŠŸ
2025-02-07 23:55:15	[34mINFO[0m	C:/Users/sonwg/GolandProjects/GoToDoList/internal/initialize/Database.go:61	rediså…³é—­æˆåŠŸ
2025-02-07 23:55:15	[34mINFO[0m	C:/Users/sonwg/GolandProjects/GoToDoList/cmd/app/main.go:16	æœåŠ¡æ­£åœ¨å¯åŠ¨...ç«¯å£åœ¨8080...
2025-02-08 00:02:14	[34mINFO[0m	C:/Users/sonwg/GolandProjects/GoToDoList/internal/initialize/Logger.go:53	æ—¥å¿—ç»„ä»¶åˆå§‹åŒ–æˆåŠŸ
2025-02-08 00:02:14	[34mINFO[0m	C:/Users/sonwg/GolandProjects/GoToDoList/internal/initialize/Database.go:31	æ•°æ®åº“è¿æ¥æˆåŠŸ
2025-02-08 00:02:14	[34mINFO[0m	C:/Users/sonwg/GolandProjects/GoToDoList/internal/initialize/Database.go:66	redisè¿æ¥æˆåŠŸ
2025-02-08 00:02:14	[34mINFO[0m	C:/Users/sonwg/GolandProjects/GoToDoList/internal/initialize/Database.go:61	rediså…³é—­æˆåŠŸ
2025-02-08 00:02:14	[34mINFO[0m	C:/Users/sonwg/GolandProjects/GoToDoList/cmd/app/main.go:16	æœåŠ¡æ­£åœ¨å¯åŠ¨...ç«¯å£åœ¨8080...
2025-02-08 00:16:00	[34mINFO[0m	C:/Users/sonwg/GolandProjects/GoToDoList/internal/initialize/Logger.go:53	æ—¥å¿—ç»„ä»¶åˆå§‹åŒ–æˆåŠŸ
2025-02-08 00:16:00	[34mINFO[0m	C:/Users/sonwg/GolandProjects/GoToDoList/internal/initialize/Database.go:31	æ•°æ®åº“è¿æ¥æˆåŠŸ
2025-02-08 00:16:00	[34mINFO[0m	C:/Users/sonwg/GolandProjects/GoToDoList/internal/initialize/Database.go:66	redisè¿æ¥æˆåŠŸ
2025-02-08 00:16:00	[34mINFO[0m	C:/Users/sonwg/GolandProjects/GoToDoList/internal/initialize/Database.go:61	rediså…³é—­æˆåŠŸ
2025-02-08 00:16:00	[34mINFO[0m	C:/Users/sonwg/GolandProjects/GoToDoList/cmd/app/main.go:16	æœåŠ¡æ­£åœ¨å¯åŠ¨...ç«¯å£åœ¨8080...
2025-02-08 00:18:17	[34mINFO[0m	C:/Users/sonwg/GolandProjects/GoToDoList/internal/initialize/Logger.go:53	æ—¥å¿—ç»„ä»¶åˆå§‹åŒ–æˆåŠŸ
2025-02-08 00:18:17	[34mINFO[0m	C:/Users/sonwg/GolandProjects/GoToDoList/internal/initialize/Database.go:31	æ•°æ®åº“è¿æ¥æˆåŠŸ
2025-02-08 00:18:17	[34mINFO[0m	C:/Users/sonwg/GolandProjects/GoToDoList/internal/initialize/Database.go:66	redisè¿æ¥æˆåŠŸ
2025-02-08 00:18:17	[34mINFO[0m	C:/Users/sonwg/GolandProjects/GoToDoList/internal/initialize/Database.go:61	rediså…³é—­æˆåŠŸ
2025-02-08 00:18:17	[34mINFO[0m	C:/Users/sonwg/GolandProjects/GoToDoList/cmd/app/main.go:16	æœåŠ¡æ­£åœ¨å¯åŠ¨...ç«¯å£åœ¨8080...
2025-02-08 00:22:02	[34mINFO[0m	C:/Users/sonwg/GolandProjects/GoToDoList/internal/initialize/Logger.go:53	æ—¥å¿—ç»„ä»¶åˆå§‹åŒ–æˆåŠŸ
2025-02-08 00:22:02	[34mINFO[0m	C:/Users/sonwg/GolandProjects/GoToDoList/internal/initialize/Database.go:31	æ•°æ®åº“è¿æ¥æˆåŠŸ
2025-02-08 00:22:02	[34mINFO[0m	C:/Users/sonwg/GolandProjects/GoToDoList/internal/initialize/Database.go:66	redisè¿æ¥æˆåŠŸ
2025-02-08 00:22:02	[34mINFO[0m	C:/Users/sonwg/GolandProjects/GoToDoList/internal/initialize/Database.go:61	rediså…³é—­æˆåŠŸ
2025-02-08 00:22:02	[34mINFO[0m	C:/Users/sonwg/GolandProjects/GoToDoList/cmd/app/main.go:16	æœåŠ¡æ­£åœ¨å¯åŠ¨...ç«¯å£åœ¨8080...
2025-02-08 00:28:16	[34mINFO[0m	C:/Users/sonwg/GolandProjects/GoToDoList/internal/initialize/Logger.go:53	æ—¥å¿—ç»„ä»¶åˆå§‹åŒ–æˆåŠŸ
2025-02-08 00:28:16	[34mINFO[0m	C:/Users/sonwg/GolandProjects/GoToDoList/internal/initialize/Database.go:31	æ•°æ®åº“è¿æ¥æˆåŠŸ
2025-02-08 00:28:16	[34mINFO[0m	C:/Users/sonwg/GolandProjects/GoToDoList/internal/initialize/Database.go:66	redisè¿æ¥æˆåŠŸ
2025-02-08 00:28:16	[34mINFO[0m	C:/Users/sonwg/GolandProjects/GoToDoList/internal/initialize/Database.go:61	rediså…³é—­æˆåŠŸ
2025-02-08 00:28:16	[34mINFO[0m	C:/Users/sonwg/GolandProjects/GoToDoList/cmd/app/main.go:16	æœåŠ¡æ­£åœ¨å¯åŠ¨...ç«¯å£åœ¨8080...
2025-02-08 00:29:32	[34mINFO[0m	C:/Users/sonwg/GolandProjects/GoToDoList/internal/initialize/Logger.go:53	æ—¥å¿—ç»„ä»¶åˆå§‹åŒ–æˆåŠŸ
2025-02-08 00:29:32	[34mINFO[0m	C:/Users/sonwg/GolandProjects/GoToDoList/internal/initialize/Database.go:31	æ•°æ®åº“è¿æ¥æˆåŠŸ
2025-02-08 00:29:32	[34mINFO[0m	C:/Users/sonwg/GolandProjects/GoToDoList/internal/initialize/Database.go:66	redisè¿æ¥æˆåŠŸ
2025-02-08 00:29:32	[34mINFO[0m	C:/Users/sonwg/GolandProjects/GoToDoList/internal/initialize/Database.go:61	rediså…³é—­æˆåŠŸ
2025-02-08 00:29:32	[34mINFO[0m	C:/Users/sonwg/GolandProjects/GoToDoList/cmd/app/main.go:16	æœåŠ¡æ­£åœ¨å¯åŠ¨...ç«¯å£åœ¨8080...
2025-02-08 10:55:19	[34mINFO[0m	C:/Users/sonwg/GolandProjects/GoToDoList/internal/initialize/Logger.go:53	æ—¥å¿—ç»„ä»¶åˆå§‹åŒ–æˆåŠŸ
2025-02-08 10:55:19	[34mINFO[0m	C:/Users/sonwg/GolandProjects/GoToDoList/internal/initialize/Database.go:31	æ•°æ®åº“è¿æ¥æˆåŠŸ
2025-02-08 10:55:20	[34mINFO[0m	C:/Users/sonwg/GolandProjects/GoToDoList/internal/initialize/Database.go:66	redisè¿æ¥æˆåŠŸ
2025-02-08 10:55:20	[34mINFO[0m	C:/Users/sonwg/GolandProjects/GoToDoList/internal/initialize/Database.go:61	rediså…³é—­æˆåŠŸ
2025-02-08 10:55:20	[34mINFO[0m	C:/Users/sonwg/GolandProjects/GoToDoList/cmd/app/main.go:16	æœåŠ¡æ­£åœ¨å¯åŠ¨...ç«¯å£åœ¨8080...
2025-02-08 10:58:39	[34mINFO[0m	C:/Users/sonwg/GolandProjects/GoToDoList/internal/initialize/Logger.go:53	æ—¥å¿—ç»„ä»¶åˆå§‹åŒ–æˆåŠŸ
2025-02-08 10:58:39	[34mINFO[0m	C:/Users/sonwg/GolandProjects/GoToDoList/internal/initialize/Database.go:31	æ•°æ®åº“è¿æ¥æˆåŠŸ
2025-02-08 10:58:39	[34mINFO[0m	C:/Users/sonwg/GolandProjects/GoToDoList/internal/initialize/Database.go:66	redisè¿æ¥æˆåŠŸ
2025-02-08 10:58:39	[34mINFO[0m	C:/Users/sonwg/GolandProjects/GoToDoList/internal/initialize/Database.go:61	rediså…³é—­æˆåŠŸ
2025-02-08 10:58:39	[34mINFO[0m	C:/Users/sonwg/GolandProjects/GoToDoList/cmd/app/main.go:16	æœåŠ¡æ­£åœ¨å¯åŠ¨...ç«¯å£åœ¨8080...
2025-02-08 14:19:26	[34mINFO[0m	C:/Users/sonwg/GolandProjects/GoToDoList/internal/initialize/Logger.go:53	æ—¥å¿—ç»„ä»¶åˆå§‹åŒ–æˆåŠŸ
2025-02-08 14:19:26	[34mINFO[0m	C:/Users/sonwg/GolandProjects/GoToDoList/internal/initialize/Database.go:31	æ•°æ®åº“è¿æ¥æˆåŠŸ
2025-02-08 14:19:26	[34mINFO[0m	C:/Users/sonwg/GolandProjects/GoToDoList/internal/initialize/Database.go:66	redisè¿æ¥æˆåŠŸ
2025-02-08 14:19:26	[34mINFO[0m	C:/Users/sonwg/GolandProjects/GoToDoList/internal/initialize/Database.go:61	rediså…³é—­æˆåŠŸ
2025-02-08 14:19:26	[34mINFO[0m	C:/Users/sonwg/GolandProjects/GoToDoList/cmd/app/main.go:16	æœåŠ¡æ­£åœ¨å¯åŠ¨...ç«¯å£åœ¨8080...
2025-02-08 14:25:05	[34mINFO[0m	C:/Users/sonwg/GolandProjects/GoToDoList/internal/initialize/Logger.go:53	æ—¥å¿—ç»„ä»¶åˆå§‹åŒ–æˆåŠŸ
2025-02-08 14:25:05	[34mINFO[0m	C:/Users/sonwg/GolandProjects/GoToDoList/internal/initialize/Database.go:31	æ•°æ®åº“è¿æ¥æˆåŠŸ
2025-02-08 14:25:05	[34mINFO[0m	C:/Users/sonwg/GolandProjects/GoToDoList/internal/initialize/Database.go:66	redisè¿æ¥æˆåŠŸ
2025-02-08 14:25:05	[34mINFO[0m	C:/Users/sonwg/GolandProjects/GoToDoList/internal/initialize/Database.go:61	rediså…³é—­æˆåŠŸ
2025-02-08 14:25:05	[34mINFO[0m	C:/Users/sonwg/GolandProjects/GoToDoList/cmd/app/main.go:16	æœåŠ¡æ­£åœ¨å¯åŠ¨...ç«¯å£åœ¨8080...
